<?xml version="1.0" encoding="UTF-8"?>
<testsuite xmlns:xsi="http://www.w3.org/2001/XMLSchema-instance" xsi:noNamespaceSchemaLocation="https://maven.apache.org/surefire/maven-surefire-plugin/xsd/surefire-test-report.xsd" name="com.su.usercenter.service.UserServiceTest" time="2.669" tests="2" errors="1" skipped="0" failures="0">
  <properties>
    <property name="java.specification.version" value="17"/>
    <property name="sun.cpu.isalist" value="amd64"/>
    <property name="sun.jnu.encoding" value="GBK"/>
    <property name="java.class.path" value="E:\ideaPrograme\user-center\target\test-classes;E:\ideaPrograme\user-center\target\classes;E:\repository\org\springframework\boot\spring-boot-starter-web\2.7.2\spring-boot-starter-web-2.7.2.jar;E:\repository\org\springframework\boot\spring-boot-starter\2.7.2\spring-boot-starter-2.7.2.jar;E:\repository\org\springframework\boot\spring-boot\2.7.2\spring-boot-2.7.2.jar;E:\repository\org\springframework\boot\spring-boot-starter-logging\2.7.2\spring-boot-starter-logging-2.7.2.jar;E:\repository\ch\qos\logback\logback-classic\1.2.11\logback-classic-1.2.11.jar;E:\repository\ch\qos\logback\logback-core\1.2.11\logback-core-1.2.11.jar;E:\repository\org\apache\logging\log4j\log4j-to-slf4j\2.17.2\log4j-to-slf4j-2.17.2.jar;E:\repository\org\apache\logging\log4j\log4j-api\2.17.2\log4j-api-2.17.2.jar;E:\repository\org\slf4j\jul-to-slf4j\1.7.36\jul-to-slf4j-1.7.36.jar;E:\repository\jakarta\annotation\jakarta.annotation-api\1.3.5\jakarta.annotation-api-1.3.5.jar;E:\repository\org\yaml\snakeyaml\1.30\snakeyaml-1.30.jar;E:\repository\org\springframework\boot\spring-boot-starter-json\2.7.2\spring-boot-starter-json-2.7.2.jar;E:\repository\com\fasterxml\jackson\core\jackson-databind\2.13.3\jackson-databind-2.13.3.jar;E:\repository\com\fasterxml\jackson\core\jackson-annotations\2.13.3\jackson-annotations-2.13.3.jar;E:\repository\com\fasterxml\jackson\core\jackson-core\2.13.3\jackson-core-2.13.3.jar;E:\repository\com\fasterxml\jackson\datatype\jackson-datatype-jdk8\2.13.3\jackson-datatype-jdk8-2.13.3.jar;E:\repository\com\fasterxml\jackson\datatype\jackson-datatype-jsr310\2.13.3\jackson-datatype-jsr310-2.13.3.jar;E:\repository\com\fasterxml\jackson\module\jackson-module-parameter-names\2.13.3\jackson-module-parameter-names-2.13.3.jar;E:\repository\org\springframework\boot\spring-boot-starter-tomcat\2.7.2\spring-boot-starter-tomcat-2.7.2.jar;E:\repository\org\apache\tomcat\embed\tomcat-embed-core\9.0.65\tomcat-embed-core-9.0.65.jar;E:\repository\org\apache\tomcat\embed\tomcat-embed-el\9.0.65\tomcat-embed-el-9.0.65.jar;E:\repository\org\apache\tomcat\embed\tomcat-embed-websocket\9.0.65\tomcat-embed-websocket-9.0.65.jar;E:\repository\org\springframework\spring-web\5.3.22\spring-web-5.3.22.jar;E:\repository\org\springframework\spring-beans\5.3.22\spring-beans-5.3.22.jar;E:\repository\org\springframework\spring-webmvc\5.3.22\spring-webmvc-5.3.22.jar;E:\repository\org\springframework\spring-aop\5.3.22\spring-aop-5.3.22.jar;E:\repository\org\springframework\spring-context\5.3.22\spring-context-5.3.22.jar;E:\repository\org\springframework\spring-expression\5.3.22\spring-expression-5.3.22.jar;E:\repository\org\apache\commons\commons-lang3\3.12.0\commons-lang3-3.12.0.jar;E:\repository\org\projectlombok\lombok\1.18.24\lombok-1.18.24.jar;E:\repository\org\springframework\boot\spring-boot-starter-test\2.7.2\spring-boot-starter-test-2.7.2.jar;E:\repository\org\springframework\boot\spring-boot-test\2.7.2\spring-boot-test-2.7.2.jar;E:\repository\org\springframework\boot\spring-boot-test-autoconfigure\2.7.2\spring-boot-test-autoconfigure-2.7.2.jar;E:\repository\com\jayway\jsonpath\json-path\2.7.0\json-path-2.7.0.jar;E:\repository\net\minidev\json-smart\2.4.8\json-smart-2.4.8.jar;E:\repository\net\minidev\accessors-smart\2.4.8\accessors-smart-2.4.8.jar;E:\repository\org\ow2\asm\asm\9.1\asm-9.1.jar;E:\repository\org\slf4j\slf4j-api\1.7.36\slf4j-api-1.7.36.jar;E:\repository\jakarta\xml\bind\jakarta.xml.bind-api\2.3.3\jakarta.xml.bind-api-2.3.3.jar;E:\repository\jakarta\activation\jakarta.activation-api\1.2.2\jakarta.activation-api-1.2.2.jar;E:\repository\org\assertj\assertj-core\3.22.0\assertj-core-3.22.0.jar;E:\repository\org\hamcrest\hamcrest\2.2\hamcrest-2.2.jar;E:\repository\org\junit\jupiter\junit-jupiter\5.8.2\junit-jupiter-5.8.2.jar;E:\repository\org\junit\jupiter\junit-jupiter-api\5.8.2\junit-jupiter-api-5.8.2.jar;E:\repository\org\opentest4j\opentest4j\1.2.0\opentest4j-1.2.0.jar;E:\repository\org\junit\platform\junit-platform-commons\1.8.2\junit-platform-commons-1.8.2.jar;E:\repository\org\apiguardian\apiguardian-api\1.1.2\apiguardian-api-1.1.2.jar;E:\repository\org\junit\jupiter\junit-jupiter-params\5.8.2\junit-jupiter-params-5.8.2.jar;E:\repository\org\junit\jupiter\junit-jupiter-engine\5.8.2\junit-jupiter-engine-5.8.2.jar;E:\repository\org\junit\platform\junit-platform-engine\1.8.2\junit-platform-engine-1.8.2.jar;E:\repository\org\mockito\mockito-core\4.5.1\mockito-core-4.5.1.jar;E:\repository\net\bytebuddy\byte-buddy\1.12.12\byte-buddy-1.12.12.jar;E:\repository\net\bytebuddy\byte-buddy-agent\1.12.12\byte-buddy-agent-1.12.12.jar;E:\repository\org\objenesis\objenesis\3.2\objenesis-3.2.jar;E:\repository\org\mockito\mockito-junit-jupiter\4.5.1\mockito-junit-jupiter-4.5.1.jar;E:\repository\org\skyscreamer\jsonassert\1.5.1\jsonassert-1.5.1.jar;E:\repository\com\vaadin\external\google\android-json\0.0.20131108.vaadin1\android-json-0.0.20131108.vaadin1.jar;E:\repository\org\springframework\spring-core\5.3.22\spring-core-5.3.22.jar;E:\repository\org\springframework\spring-jcl\5.3.22\spring-jcl-5.3.22.jar;E:\repository\org\springframework\spring-test\5.3.22\spring-test-5.3.22.jar;E:\repository\org\xmlunit\xmlunit-core\2.9.0\xmlunit-core-2.9.0.jar;E:\repository\org\mybatis\spring\boot\mybatis-spring-boot-starter\2.2.2\mybatis-spring-boot-starter-2.2.2.jar;E:\repository\org\springframework\boot\spring-boot-starter-jdbc\2.7.2\spring-boot-starter-jdbc-2.7.2.jar;E:\repository\com\zaxxer\HikariCP\4.0.3\HikariCP-4.0.3.jar;E:\repository\org\springframework\spring-jdbc\5.3.22\spring-jdbc-5.3.22.jar;E:\repository\org\springframework\spring-tx\5.3.22\spring-tx-5.3.22.jar;E:\repository\org\mybatis\spring\boot\mybatis-spring-boot-autoconfigure\2.2.2\mybatis-spring-boot-autoconfigure-2.2.2.jar;E:\repository\org\mybatis\mybatis\3.5.9\mybatis-3.5.9.jar;E:\repository\org\mybatis\mybatis-spring\2.0.7\mybatis-spring-2.0.7.jar;E:\repository\com\baomidou\mybatis-plus-boot-starter\3.5.2\mybatis-plus-boot-starter-3.5.2.jar;E:\repository\com\baomidou\mybatis-plus\3.5.2\mybatis-plus-3.5.2.jar;E:\repository\com\baomidou\mybatis-plus-extension\3.5.2\mybatis-plus-extension-3.5.2.jar;E:\repository\com\baomidou\mybatis-plus-core\3.5.2\mybatis-plus-core-3.5.2.jar;E:\repository\com\baomidou\mybatis-plus-annotation\3.5.2\mybatis-plus-annotation-3.5.2.jar;E:\repository\com\github\jsqlparser\jsqlparser\4.4\jsqlparser-4.4.jar;E:\repository\org\jetbrains\kotlin\kotlin-stdlib-jdk8\1.6.21\kotlin-stdlib-jdk8-1.6.21.jar;E:\repository\org\jetbrains\kotlin\kotlin-stdlib\1.6.21\kotlin-stdlib-1.6.21.jar;E:\repository\org\jetbrains\kotlin\kotlin-stdlib-common\1.6.21\kotlin-stdlib-common-1.6.21.jar;E:\repository\org\jetbrains\annotations\13.0\annotations-13.0.jar;E:\repository\org\jetbrains\kotlin\kotlin-stdlib-jdk7\1.6.21\kotlin-stdlib-jdk7-1.6.21.jar;E:\repository\org\springframework\boot\spring-boot-autoconfigure\2.7.2\spring-boot-autoconfigure-2.7.2.jar;E:\repository\mysql\mysql-connector-java\8.0.29\mysql-connector-java-8.0.29.jar;"/>
    <property name="java.vm.vendor" value="Oracle Corporation"/>
    <property name="sun.arch.data.model" value="64"/>
    <property name="user.variant" value=""/>
    <property name="java.vendor.url" value="https://java.oracle.com/"/>
    <property name="user.timezone" value="Asia/Shanghai"/>
    <property name="os.name" value="Windows 11"/>
    <property name="java.vm.specification.version" value="17"/>
    <property name="sun.java.launcher" value="SUN_STANDARD"/>
    <property name="user.country" value="CN"/>
    <property name="sun.boot.library.path" value="D:\jdk17\bin"/>
    <property name="sun.java.command" value="C:\Users\suhon\AppData\Local\Temp\surefire13088379129777662973\surefirebooter4419811507836853199.jar C:\Users\suhon\AppData\Local\Temp\surefire13088379129777662973 2024-09-14T20-57-11_376-jvmRun1 surefire9881138638470615127tmp surefire_010797132486822487004tmp"/>
    <property name="jdk.debug" value="release"/>
    <property name="surefire.test.class.path" value="E:\ideaPrograme\user-center\target\test-classes;E:\ideaPrograme\user-center\target\classes;E:\repository\org\springframework\boot\spring-boot-starter-web\2.7.2\spring-boot-starter-web-2.7.2.jar;E:\repository\org\springframework\boot\spring-boot-starter\2.7.2\spring-boot-starter-2.7.2.jar;E:\repository\org\springframework\boot\spring-boot\2.7.2\spring-boot-2.7.2.jar;E:\repository\org\springframework\boot\spring-boot-starter-logging\2.7.2\spring-boot-starter-logging-2.7.2.jar;E:\repository\ch\qos\logback\logback-classic\1.2.11\logback-classic-1.2.11.jar;E:\repository\ch\qos\logback\logback-core\1.2.11\logback-core-1.2.11.jar;E:\repository\org\apache\logging\log4j\log4j-to-slf4j\2.17.2\log4j-to-slf4j-2.17.2.jar;E:\repository\org\apache\logging\log4j\log4j-api\2.17.2\log4j-api-2.17.2.jar;E:\repository\org\slf4j\jul-to-slf4j\1.7.36\jul-to-slf4j-1.7.36.jar;E:\repository\jakarta\annotation\jakarta.annotation-api\1.3.5\jakarta.annotation-api-1.3.5.jar;E:\repository\org\yaml\snakeyaml\1.30\snakeyaml-1.30.jar;E:\repository\org\springframework\boot\spring-boot-starter-json\2.7.2\spring-boot-starter-json-2.7.2.jar;E:\repository\com\fasterxml\jackson\core\jackson-databind\2.13.3\jackson-databind-2.13.3.jar;E:\repository\com\fasterxml\jackson\core\jackson-annotations\2.13.3\jackson-annotations-2.13.3.jar;E:\repository\com\fasterxml\jackson\core\jackson-core\2.13.3\jackson-core-2.13.3.jar;E:\repository\com\fasterxml\jackson\datatype\jackson-datatype-jdk8\2.13.3\jackson-datatype-jdk8-2.13.3.jar;E:\repository\com\fasterxml\jackson\datatype\jackson-datatype-jsr310\2.13.3\jackson-datatype-jsr310-2.13.3.jar;E:\repository\com\fasterxml\jackson\module\jackson-module-parameter-names\2.13.3\jackson-module-parameter-names-2.13.3.jar;E:\repository\org\springframework\boot\spring-boot-starter-tomcat\2.7.2\spring-boot-starter-tomcat-2.7.2.jar;E:\repository\org\apache\tomcat\embed\tomcat-embed-core\9.0.65\tomcat-embed-core-9.0.65.jar;E:\repository\org\apache\tomcat\embed\tomcat-embed-el\9.0.65\tomcat-embed-el-9.0.65.jar;E:\repository\org\apache\tomcat\embed\tomcat-embed-websocket\9.0.65\tomcat-embed-websocket-9.0.65.jar;E:\repository\org\springframework\spring-web\5.3.22\spring-web-5.3.22.jar;E:\repository\org\springframework\spring-beans\5.3.22\spring-beans-5.3.22.jar;E:\repository\org\springframework\spring-webmvc\5.3.22\spring-webmvc-5.3.22.jar;E:\repository\org\springframework\spring-aop\5.3.22\spring-aop-5.3.22.jar;E:\repository\org\springframework\spring-context\5.3.22\spring-context-5.3.22.jar;E:\repository\org\springframework\spring-expression\5.3.22\spring-expression-5.3.22.jar;E:\repository\org\apache\commons\commons-lang3\3.12.0\commons-lang3-3.12.0.jar;E:\repository\org\projectlombok\lombok\1.18.24\lombok-1.18.24.jar;E:\repository\org\springframework\boot\spring-boot-starter-test\2.7.2\spring-boot-starter-test-2.7.2.jar;E:\repository\org\springframework\boot\spring-boot-test\2.7.2\spring-boot-test-2.7.2.jar;E:\repository\org\springframework\boot\spring-boot-test-autoconfigure\2.7.2\spring-boot-test-autoconfigure-2.7.2.jar;E:\repository\com\jayway\jsonpath\json-path\2.7.0\json-path-2.7.0.jar;E:\repository\net\minidev\json-smart\2.4.8\json-smart-2.4.8.jar;E:\repository\net\minidev\accessors-smart\2.4.8\accessors-smart-2.4.8.jar;E:\repository\org\ow2\asm\asm\9.1\asm-9.1.jar;E:\repository\org\slf4j\slf4j-api\1.7.36\slf4j-api-1.7.36.jar;E:\repository\jakarta\xml\bind\jakarta.xml.bind-api\2.3.3\jakarta.xml.bind-api-2.3.3.jar;E:\repository\jakarta\activation\jakarta.activation-api\1.2.2\jakarta.activation-api-1.2.2.jar;E:\repository\org\assertj\assertj-core\3.22.0\assertj-core-3.22.0.jar;E:\repository\org\hamcrest\hamcrest\2.2\hamcrest-2.2.jar;E:\repository\org\junit\jupiter\junit-jupiter\5.8.2\junit-jupiter-5.8.2.jar;E:\repository\org\junit\jupiter\junit-jupiter-api\5.8.2\junit-jupiter-api-5.8.2.jar;E:\repository\org\opentest4j\opentest4j\1.2.0\opentest4j-1.2.0.jar;E:\repository\org\junit\platform\junit-platform-commons\1.8.2\junit-platform-commons-1.8.2.jar;E:\repository\org\apiguardian\apiguardian-api\1.1.2\apiguardian-api-1.1.2.jar;E:\repository\org\junit\jupiter\junit-jupiter-params\5.8.2\junit-jupiter-params-5.8.2.jar;E:\repository\org\junit\jupiter\junit-jupiter-engine\5.8.2\junit-jupiter-engine-5.8.2.jar;E:\repository\org\junit\platform\junit-platform-engine\1.8.2\junit-platform-engine-1.8.2.jar;E:\repository\org\mockito\mockito-core\4.5.1\mockito-core-4.5.1.jar;E:\repository\net\bytebuddy\byte-buddy\1.12.12\byte-buddy-1.12.12.jar;E:\repository\net\bytebuddy\byte-buddy-agent\1.12.12\byte-buddy-agent-1.12.12.jar;E:\repository\org\objenesis\objenesis\3.2\objenesis-3.2.jar;E:\repository\org\mockito\mockito-junit-jupiter\4.5.1\mockito-junit-jupiter-4.5.1.jar;E:\repository\org\skyscreamer\jsonassert\1.5.1\jsonassert-1.5.1.jar;E:\repository\com\vaadin\external\google\android-json\0.0.20131108.vaadin1\android-json-0.0.20131108.vaadin1.jar;E:\repository\org\springframework\spring-core\5.3.22\spring-core-5.3.22.jar;E:\repository\org\springframework\spring-jcl\5.3.22\spring-jcl-5.3.22.jar;E:\repository\org\springframework\spring-test\5.3.22\spring-test-5.3.22.jar;E:\repository\org\xmlunit\xmlunit-core\2.9.0\xmlunit-core-2.9.0.jar;E:\repository\org\mybatis\spring\boot\mybatis-spring-boot-starter\2.2.2\mybatis-spring-boot-starter-2.2.2.jar;E:\repository\org\springframework\boot\spring-boot-starter-jdbc\2.7.2\spring-boot-starter-jdbc-2.7.2.jar;E:\repository\com\zaxxer\HikariCP\4.0.3\HikariCP-4.0.3.jar;E:\repository\org\springframework\spring-jdbc\5.3.22\spring-jdbc-5.3.22.jar;E:\repository\org\springframework\spring-tx\5.3.22\spring-tx-5.3.22.jar;E:\repository\org\mybatis\spring\boot\mybatis-spring-boot-autoconfigure\2.2.2\mybatis-spring-boot-autoconfigure-2.2.2.jar;E:\repository\org\mybatis\mybatis\3.5.9\mybatis-3.5.9.jar;E:\repository\org\mybatis\mybatis-spring\2.0.7\mybatis-spring-2.0.7.jar;E:\repository\com\baomidou\mybatis-plus-boot-starter\3.5.2\mybatis-plus-boot-starter-3.5.2.jar;E:\repository\com\baomidou\mybatis-plus\3.5.2\mybatis-plus-3.5.2.jar;E:\repository\com\baomidou\mybatis-plus-extension\3.5.2\mybatis-plus-extension-3.5.2.jar;E:\repository\com\baomidou\mybatis-plus-core\3.5.2\mybatis-plus-core-3.5.2.jar;E:\repository\com\baomidou\mybatis-plus-annotation\3.5.2\mybatis-plus-annotation-3.5.2.jar;E:\repository\com\github\jsqlparser\jsqlparser\4.4\jsqlparser-4.4.jar;E:\repository\org\jetbrains\kotlin\kotlin-stdlib-jdk8\1.6.21\kotlin-stdlib-jdk8-1.6.21.jar;E:\repository\org\jetbrains\kotlin\kotlin-stdlib\1.6.21\kotlin-stdlib-1.6.21.jar;E:\repository\org\jetbrains\kotlin\kotlin-stdlib-common\1.6.21\kotlin-stdlib-common-1.6.21.jar;E:\repository\org\jetbrains\annotations\13.0\annotations-13.0.jar;E:\repository\org\jetbrains\kotlin\kotlin-stdlib-jdk7\1.6.21\kotlin-stdlib-jdk7-1.6.21.jar;E:\repository\org\springframework\boot\spring-boot-autoconfigure\2.7.2\spring-boot-autoconfigure-2.7.2.jar;E:\repository\mysql\mysql-connector-java\8.0.29\mysql-connector-java-8.0.29.jar;"/>
    <property name="sun.cpu.endian" value="little"/>
    <property name="user.home" value="C:\Users\suhon"/>
    <property name="user.language" value="zh"/>
    <property name="java.specification.vendor" value="Oracle Corporation"/>
    <property name="java.version.date" value="2024-07-16"/>
    <property name="java.home" value="D:\jdk17"/>
    <property name="file.separator" value="\"/>
    <property name="basedir" value="E:\ideaPrograme\user-center"/>
    <property name="java.vm.compressedOopsMode" value="Zero based"/>
    <property name="line.separator" value="&#10;"/>
    <property name="java.vm.specification.vendor" value="Oracle Corporation"/>
    <property name="java.specification.name" value="Java Platform API Specification"/>
    <property name="surefire.real.class.path" value="C:\Users\suhon\AppData\Local\Temp\surefire13088379129777662973\surefirebooter4419811507836853199.jar"/>
    <property name="user.script" value=""/>
    <property name="sun.management.compiler" value="HotSpot 64-Bit Tiered Compilers"/>
    <property name="java.runtime.version" value="17.0.12+8-LTS-286"/>
    <property name="user.name" value="suhon"/>
    <property name="path.separator" value=";"/>
    <property name="os.version" value="10.0"/>
    <property name="java.runtime.name" value="Java(TM) SE Runtime Environment"/>
    <property name="file.encoding" value="GBK"/>
    <property name="java.vm.name" value="Java HotSpot(TM) 64-Bit Server VM"/>
    <property name="localRepository" value="E:\repository"/>
    <property name="java.vendor.url.bug" value="https://bugreport.java.com/bugreport/"/>
    <property name="java.io.tmpdir" value="C:\Users\suhon\AppData\Local\Temp\"/>
    <property name="idea.version" value="2024.2.1"/>
    <property name="java.version" value="17.0.12"/>
    <property name="user.dir" value="E:\ideaPrograme\user-center"/>
    <property name="os.arch" value="amd64"/>
    <property name="java.vm.specification.name" value="Java Virtual Machine Specification"/>
    <property name="sun.os.patch.level" value=""/>
    <property name="native.encoding" value="GBK"/>
    <property name="java.library.path" value="D:\jdk17\bin;C:\Windows\Sun\Java\bin;C:\Windows\system32;C:\Windows;E:\softWare\VM\bin\;D:\jdk17\bin;C:\Program Files\Common Files\Oracle\Java\javapath;C:\Windows\system32;C:\Windows;C:\Windows\System32\Wbem;C:\Windows\System32\WindowsPowerShell\v1.0\;C:\Windows\System32\OpenSSH\;E:\softWare\maven\apache-maven-3.8.3\bin;E:\softWare\Git\cmd;E:\softWare\nodejs\;E:\softWare\Xftp\;E:\softWare\Xshell\;E:\softWare\小乌龟\bin;C:\Users\suhon\AppData\Local\Microsoft\WindowsApps;;D:\Microsoft VS Code\bin;C:\Users\suhon\AppData\Roaming\npm;."/>
    <property name="java.vm.info" value="mixed mode, sharing"/>
    <property name="java.vendor" value="Oracle Corporation"/>
    <property name="java.vm.version" value="17.0.12+8-LTS-286"/>
    <property name="sun.io.unicode.encoding" value="UnicodeLittle"/>
    <property name="maven.repo.local" value="E:\repository"/>
    <property name="java.class.version" value="61.0"/>
  </properties>
  <testcase name="testAddUser" classname="com.su.usercenter.service.UserServiceTest" time="0.695"/>
  <testcase name="register" classname="com.su.usercenter.service.UserServiceTest" time="0.016">
    <error message="请求参数错误" type="com.su.usercenter.exception.BusinessException">com.su.usercenter.exception.BusinessException: 请求参数错误
	at com.su.usercenter.service.UserServiceTest.register(UserServiceTest.java:43)
</error>
  </testcase>
</testsuite>